0 info it worked if it ends with ok
1 verbose cli [ '/usr/bin/nodejs', '/usr/bin/npm', 'rebuild', 'node-sass' ]
2 info using npm@3.10.3
3 info using node@v6.3.1
4 info readInstalled object
5 verbose rebuild path, id [ '/var/www/test.namelesswarrior.com/nameless-warrior/node_modules/node-sass',
5 verbose rebuild   'node-sass@4.5.0' ]
6 silly rebuild set [ '/var/www/test.namelesswarrior.com/nameless-warrior/node_modules/node-sass' ]
7 info build /var/www/test.namelesswarrior.com/nameless-warrior/node_modules/node-sass
8 info lifecycle node-sass@4.5.0~preinstall: node-sass@4.5.0
9 silly lifecycle node-sass@4.5.0~preinstall: no script for preinstall, continuing
10 info linkStuff node-sass@4.5.0
11 silly linkStuff node-sass@4.5.0 has /var/www/test.namelesswarrior.com/nameless-warrior/node_modules as its parent node_modules
12 verbose linkBins node-sass@4.5.0
13 verbose link bins [ { 'node-sass': 'bin/node-sass' },
13 verbose link bins   '/var/www/test.namelesswarrior.com/nameless-warrior/node_modules/.bin',
13 verbose link bins   false ]
14 verbose linkMans node-sass@4.5.0
15 verbose rebuildBundles node-sass@4.5.0
16 verbose rebuildBundles [ '.bin' ]
17 silly gentlyRm /var/www/test.namelesswarrior.com/nameless-warrior/node_modules/.bin/node-sass is being purged
18 verbose gentlyRm don't care about contents; nuking /var/www/test.namelesswarrior.com/nameless-warrior/node_modules/.bin/node-sass
19 info lifecycle node-sass@4.5.0~install: node-sass@4.5.0
20 verbose lifecycle node-sass@4.5.0~install: unsafe-perm in lifecycle false
21 verbose lifecycle node-sass@4.5.0~install: PATH: /usr/lib/node_modules/npm/bin/node-gyp-bin:/var/www/test.namelesswarrior.com/nameless-warrior/node_modules/node-sass/node_modules/.bin:/var/www/test.namelesswarrior.com/nameless-warrior/node_modules/.bin:/usr/bin:/usr/local/sbin:/usr/local/bin:/usr/sbin:/usr/bin:/sbin:/bin:/usr/games:/usr/local/games
22 verbose lifecycle node-sass@4.5.0~install: CWD: /var/www/test.namelesswarrior.com/nameless-warrior/node_modules/node-sass
23 silly lifecycle node-sass@4.5.0~install: Args: [ '-c', 'node scripts/install.js' ]
24 silly lifecycle node-sass@4.5.0~install: Returned: code: 1  signal: null
25 info lifecycle node-sass@4.5.0~install: Failed to exec install script
26 verbose stack Error: node-sass@4.5.0 install: `node scripts/install.js`
26 verbose stack Exit status 1
26 verbose stack     at EventEmitter.<anonymous> (/usr/lib/node_modules/npm/lib/utils/lifecycle.js:242:16)
26 verbose stack     at emitTwo (events.js:106:13)
26 verbose stack     at EventEmitter.emit (events.js:191:7)
26 verbose stack     at ChildProcess.<anonymous> (/usr/lib/node_modules/npm/lib/utils/spawn.js:40:14)
26 verbose stack     at emitTwo (events.js:106:13)
26 verbose stack     at ChildProcess.emit (events.js:191:7)
26 verbose stack     at maybeClose (internal/child_process.js:852:16)
26 verbose stack     at Process.ChildProcess._handle.onexit (internal/child_process.js:215:5)
27 verbose pkgid node-sass@4.5.0
28 verbose cwd /var/www/test.namelesswarrior.com/nameless-warrior
29 error Linux 4.4.0-65-generic
30 error argv "/usr/bin/nodejs" "/usr/bin/npm" "rebuild" "node-sass"
31 error node v6.3.1
32 error npm  v3.10.3
33 error code ELIFECYCLE
34 error node-sass@4.5.0 install: `node scripts/install.js`
34 error Exit status 1
35 error Failed at the node-sass@4.5.0 install script 'node scripts/install.js'.
35 error Make sure you have the latest version of node.js and npm installed.
35 error If you do, this is most likely a problem with the node-sass package,
35 error not with npm itself.
35 error Tell the author that this fails on your system:
35 error     node scripts/install.js
35 error You can get information on how to open an issue for this project with:
35 error     npm bugs node-sass
35 error Or if that isn't available, you can get their info via:
35 error     npm owner ls node-sass
35 error There is likely additional logging output above.
36 verbose exit [ 1, true ]
